<?xml version="1.0" encoding="UTF-8"?>
<!-- Generated by org.testng.reporters.JUnitReportReporter -->
<testsuite hostname="IN5CG5322ZPG" failures="0" tests="6" name="com.employeeapi.testcases.TC_005_DELETE_Employee" time="0.012" errors="0" timestamp="28 Nov 2019 07:07:14 GMT">
  <testcase classname="com.employeeapi.testcases.TC_005_DELETE_Employee" name="checkResponseTime" time="0.001"/>
  <testcase classname="com.employeeapi.testcases.TC_005_DELETE_Employee" name="checkResponsebody" time="0.001"/>
  <testcase classname="com.employeeapi.testcases.TC_005_DELETE_Employee" name="checkStatusLine" time="0.002"/>
  <testcase classname="com.employeeapi.testcases.TC_005_DELETE_Employee" name="checkStatuscode" time="0.004"/>
  <testcase classname="com.employeeapi.testcases.TC_005_DELETE_Employee" name="checkServerType" time="0.002"/>
  <testcase classname="com.employeeapi.testcases.TC_005_DELETE_Employee" name="checkContentType" time="0.002"/>
</testsuite> <!-- com.employeeapi.testcases.TC_005_DELETE_Employee -->
